<?xml version="1.0" encoding="UTF-8"?>
<features version="1">
    <feature name="LaptopBDD"
        path="src\test\resources\features\LaptopBDD.feature"
        started="1603293905588" tag="">
        <file><![CDATA[Feature: LaptopBDD

  Scenario: Laptop scenario b
    Given there is a LAPTOP
    When the user modifies LAPTOP
    Then the LAPTOP is modified

  Scenario: Laptop scenario c
    Given there is a KEYBOARD
    When the user modifies the KEYBOARD
    Then the KEYBOARD is modified

    Scenario: Laptop scenario d
        Given there is a KEYBOARD
        When the user modifies the KEYBOARD
        Then the KEYBOARD is modified]]></file>
        <scenarios>
            <scenario name="Laptop scenario b">
                <steps>
                    <step duration="969700"
                        name="Given there is a LAPTOP" status="passed"/>
                    <step duration="35600"
                        name="When the user modifies LAPTOP" status="passed"/>
                    <step duration="1589900"
                        name="Then the LAPTOP is modified" status="failed">
                        <error_message><![CDATA[java.lang.AssertionError: expected:<6> but was:<60>
	at org.junit.Assert.fail(Assert.java:88)
	at org.junit.Assert.failNotEquals(Assert.java:834)
	at org.junit.Assert.assertEquals(Assert.java:645)
	at org.junit.Assert.assertEquals(Assert.java:631)
	at MyStepdefs.theLAPTOPIsModified(MyStepdefs.java:341)
	at ✽.the LAPTOP is modified(file:src/test/resources/features/LaptopBDD.feature:6)
]]></error_message>
                    </step>
                </steps>
            </scenario>
            <scenario name="Laptop scenario c">
                <steps>
                    <step duration="60000"
                        name="Given there is a KEYBOARD" status="passed"/>
                    <step duration="38200"
                        name="When the user modifies the KEYBOARD" status="passed"/>
                    <step duration="28300"
                        name="Then the KEYBOARD is modified" status="passed"/>
                </steps>
            </scenario>
            <scenario name="Laptop scenario d">
                <steps>
                    <step duration="34100"
                        name="Given there is a KEYBOARD" status="passed"/>
                    <step duration="20100"
                        name="When the user modifies the KEYBOARD" status="passed"/>
                    <step duration="20600"
                        name="Then the KEYBOARD is modified" status="passed"/>
                </steps>
            </scenario>
        </scenarios>
    </feature>
    <feature name="aba"
        path="src\test\resources\features\YALLA_1003.feature"
        started="1603293905612" tag="">
        <file><![CDATA[#Auto generated Octane revision tag
@BSPID1003REV0.3.0
Feature: aba
@TSCID1007
	Scenario: s1
		Given 
		When 
		Then 

@TSCID1008
	Scenario: s2
		Given 
		When 
		Then 
]]></file>
        <scenarios>
            <scenario name="s1">
                <steps>
                    <step duration="46300" name="" status="failed">
                        <error_message><![CDATA[java.lang.IllegalArgumentException: Cannot create function name from empty sentence
	at cucumber.runtime.snippets.FunctionNameGenerator.removeIllegalCharacters(FunctionNameGenerator.java:22)
	at cucumber.runtime.snippets.FunctionNameGenerator.generateFunctionName(FunctionNameGenerator.java:13)
	at cucumber.runtime.snippets.SnippetGenerator.functionName(SnippetGenerator.java:64)
	at cucumber.runtime.snippets.SnippetGenerator.getSnippet(SnippetGenerator.java:47)
	at cucumber.runtime.java.JavaBackend.getSnippet(JavaBackend.java:164)
	at cucumber.runner.Runner.addTestStepsForPickleSteps(Runner.java:78)
	at cucumber.runner.Runner.createTestCaseForPickle(Runner.java:64)
	at cucumber.runner.Runner.runPickle(Runner.java:49)
	at io.cucumber.junit.PickleRunners$NoStepDescriptions.run(PickleRunners.java:146)
	at io.cucumber.junit.FeatureRunner.runChild(FeatureRunner.java:68)
	at io.cucumber.junit.FeatureRunner.runChild(FeatureRunner.java:23)
	at org.junit.runners.ParentRunner$3.run(ParentRunner.java:290)
	at org.junit.runners.ParentRunner$1.schedule(ParentRunner.java:71)
	at org.junit.runners.ParentRunner.runChildren(ParentRunner.java:288)
	at org.junit.runners.ParentRunner.access$000(ParentRunner.java:58)
	at org.junit.runners.ParentRunner$2.evaluate(ParentRunner.java:268)
	at org.junit.runners.ParentRunner.run(ParentRunner.java:363)
	at io.cucumber.junit.Cucumber.runChild(Cucumber.java:144)
	at io.cucumber.junit.Cucumber.runChild(Cucumber.java:65)
	at org.junit.runners.ParentRunner$3.run(ParentRunner.java:290)
	at org.junit.runners.ParentRunner$1.schedule(ParentRunner.java:71)
	at org.junit.runners.ParentRunner.runChildren(ParentRunner.java:288)
	at org.junit.runners.ParentRunner.access$000(ParentRunner.java:58)
	at org.junit.runners.ParentRunner$2.evaluate(ParentRunner.java:268)
	at io.cucumber.junit.Cucumber$RunCucumber.evaluate(Cucumber.java:174)
	at org.junit.runners.ParentRunner.run(ParentRunner.java:363)
	at org.junit.runner.JUnitCore.run(JUnitCore.java:137)
	at com.intellij.junit4.JUnit4IdeaTestRunner.startRunnerWithArgs(JUnit4IdeaTestRunner.java:68)
	at com.intellij.rt.junit.IdeaTestRunner$Repeater.startRunnerWithArgs(IdeaTestRunner.java:33)
	at com.intellij.rt.junit.JUnitStarter.prepareStreamsAndStart(JUnitStarter.java:230)
	at com.intellij.rt.junit.JUnitStarter.main(JUnitStarter.java:58)
	at ✽.(file:src/test/resources/features/YALLA_1003.feature:6)
]]></error_message>
                    </step>
                    <step duration="29500" name="" status="failed">
                        <error_message><![CDATA[java.lang.IllegalArgumentException: Cannot create function name from empty sentence
	at cucumber.runtime.snippets.FunctionNameGenerator.removeIllegalCharacters(FunctionNameGenerator.java:22)
	at cucumber.runtime.snippets.FunctionNameGenerator.generateFunctionName(FunctionNameGenerator.java:13)
	at cucumber.runtime.snippets.SnippetGenerator.functionName(SnippetGenerator.java:64)
	at cucumber.runtime.snippets.SnippetGenerator.getSnippet(SnippetGenerator.java:47)
	at cucumber.runtime.java.JavaBackend.getSnippet(JavaBackend.java:164)
	at cucumber.runner.Runner.addTestStepsForPickleSteps(Runner.java:78)
	at cucumber.runner.Runner.createTestCaseForPickle(Runner.java:64)
	at cucumber.runner.Runner.runPickle(Runner.java:49)
	at io.cucumber.junit.PickleRunners$NoStepDescriptions.run(PickleRunners.java:146)
	at io.cucumber.junit.FeatureRunner.runChild(FeatureRunner.java:68)
	at io.cucumber.junit.FeatureRunner.runChild(FeatureRunner.java:23)
	at org.junit.runners.ParentRunner$3.run(ParentRunner.java:290)
	at org.junit.runners.ParentRunner$1.schedule(ParentRunner.java:71)
	at org.junit.runners.ParentRunner.runChildren(ParentRunner.java:288)
	at org.junit.runners.ParentRunner.access$000(ParentRunner.java:58)
	at org.junit.runners.ParentRunner$2.evaluate(ParentRunner.java:268)
	at org.junit.runners.ParentRunner.run(ParentRunner.java:363)
	at io.cucumber.junit.Cucumber.runChild(Cucumber.java:144)
	at io.cucumber.junit.Cucumber.runChild(Cucumber.java:65)
	at org.junit.runners.ParentRunner$3.run(ParentRunner.java:290)
	at org.junit.runners.ParentRunner$1.schedule(ParentRunner.java:71)
	at org.junit.runners.ParentRunner.runChildren(ParentRunner.java:288)
	at org.junit.runners.ParentRunner.access$000(ParentRunner.java:58)
	at org.junit.runners.ParentRunner$2.evaluate(ParentRunner.java:268)
	at io.cucumber.junit.Cucumber$RunCucumber.evaluate(Cucumber.java:174)
	at org.junit.runners.ParentRunner.run(ParentRunner.java:363)
	at org.junit.runner.JUnitCore.run(JUnitCore.java:137)
	at com.intellij.junit4.JUnit4IdeaTestRunner.startRunnerWithArgs(JUnit4IdeaTestRunner.java:68)
	at com.intellij.rt.junit.IdeaTestRunner$Repeater.startRunnerWithArgs(IdeaTestRunner.java:33)
	at com.intellij.rt.junit.JUnitStarter.prepareStreamsAndStart(JUnitStarter.java:230)
	at com.intellij.rt.junit.JUnitStarter.main(JUnitStarter.java:58)
	at ✽.(file:src/test/resources/features/YALLA_1003.feature:7)
]]></error_message>
                    </step>
                    <step duration="23200" name="" status="failed">
                        <error_message><![CDATA[java.lang.IllegalArgumentException: Cannot create function name from empty sentence
	at cucumber.runtime.snippets.FunctionNameGenerator.removeIllegalCharacters(FunctionNameGenerator.java:22)
	at cucumber.runtime.snippets.FunctionNameGenerator.generateFunctionName(FunctionNameGenerator.java:13)
	at cucumber.runtime.snippets.SnippetGenerator.functionName(SnippetGenerator.java:64)
	at cucumber.runtime.snippets.SnippetGenerator.getSnippet(SnippetGenerator.java:47)
	at cucumber.runtime.java.JavaBackend.getSnippet(JavaBackend.java:164)
	at cucumber.runner.Runner.addTestStepsForPickleSteps(Runner.java:78)
	at cucumber.runner.Runner.createTestCaseForPickle(Runner.java:64)
	at cucumber.runner.Runner.runPickle(Runner.java:49)
	at io.cucumber.junit.PickleRunners$NoStepDescriptions.run(PickleRunners.java:146)
	at io.cucumber.junit.FeatureRunner.runChild(FeatureRunner.java:68)
	at io.cucumber.junit.FeatureRunner.runChild(FeatureRunner.java:23)
	at org.junit.runners.ParentRunner$3.run(ParentRunner.java:290)
	at org.junit.runners.ParentRunner$1.schedule(ParentRunner.java:71)
	at org.junit.runners.ParentRunner.runChildren(ParentRunner.java:288)
	at org.junit.runners.ParentRunner.access$000(ParentRunner.java:58)
	at org.junit.runners.ParentRunner$2.evaluate(ParentRunner.java:268)
	at org.junit.runners.ParentRunner.run(ParentRunner.java:363)
	at io.cucumber.junit.Cucumber.runChild(Cucumber.java:144)
	at io.cucumber.junit.Cucumber.runChild(Cucumber.java:65)
	at org.junit.runners.ParentRunner$3.run(ParentRunner.java:290)
	at org.junit.runners.ParentRunner$1.schedule(ParentRunner.java:71)
	at org.junit.runners.ParentRunner.runChildren(ParentRunner.java:288)
	at org.junit.runners.ParentRunner.access$000(ParentRunner.java:58)
	at org.junit.runners.ParentRunner$2.evaluate(ParentRunner.java:268)
	at io.cucumber.junit.Cucumber$RunCucumber.evaluate(Cucumber.java:174)
	at org.junit.runners.ParentRunner.run(ParentRunner.java:363)
	at org.junit.runner.JUnitCore.run(JUnitCore.java:137)
	at com.intellij.junit4.JUnit4IdeaTestRunner.startRunnerWithArgs(JUnit4IdeaTestRunner.java:68)
	at com.intellij.rt.junit.IdeaTestRunner$Repeater.startRunnerWithArgs(IdeaTestRunner.java:33)
	at com.intellij.rt.junit.JUnitStarter.prepareStreamsAndStart(JUnitStarter.java:230)
	at com.intellij.rt.junit.JUnitStarter.main(JUnitStarter.java:58)
	at ✽.(file:src/test/resources/features/YALLA_1003.feature:8)
]]></error_message>
                    </step>
                </steps>
            </scenario>
            <scenario name="s2">
                <steps>
                    <step duration="35800" name="" status="failed">
                        <error_message><![CDATA[java.lang.IllegalArgumentException: Cannot create function name from empty sentence
	at cucumber.runtime.snippets.FunctionNameGenerator.removeIllegalCharacters(FunctionNameGenerator.java:22)
	at cucumber.runtime.snippets.FunctionNameGenerator.generateFunctionName(FunctionNameGenerator.java:13)
	at cucumber.runtime.snippets.SnippetGenerator.functionName(SnippetGenerator.java:64)
	at cucumber.runtime.snippets.SnippetGenerator.getSnippet(SnippetGenerator.java:47)
	at cucumber.runtime.java.JavaBackend.getSnippet(JavaBackend.java:164)
	at cucumber.runner.Runner.addTestStepsForPickleSteps(Runner.java:78)
	at cucumber.runner.Runner.createTestCaseForPickle(Runner.java:64)
	at cucumber.runner.Runner.runPickle(Runner.java:49)
	at io.cucumber.junit.PickleRunners$NoStepDescriptions.run(PickleRunners.java:146)
	at io.cucumber.junit.FeatureRunner.runChild(FeatureRunner.java:68)
	at io.cucumber.junit.FeatureRunner.runChild(FeatureRunner.java:23)
	at org.junit.runners.ParentRunner$3.run(ParentRunner.java:290)
	at org.junit.runners.ParentRunner$1.schedule(ParentRunner.java:71)
	at org.junit.runners.ParentRunner.runChildren(ParentRunner.java:288)
	at org.junit.runners.ParentRunner.access$000(ParentRunner.java:58)
	at org.junit.runners.ParentRunner$2.evaluate(ParentRunner.java:268)
	at org.junit.runners.ParentRunner.run(ParentRunner.java:363)
	at io.cucumber.junit.Cucumber.runChild(Cucumber.java:144)
	at io.cucumber.junit.Cucumber.runChild(Cucumber.java:65)
	at org.junit.runners.ParentRunner$3.run(ParentRunner.java:290)
	at org.junit.runners.ParentRunner$1.schedule(ParentRunner.java:71)
	at org.junit.runners.ParentRunner.runChildren(ParentRunner.java:288)
	at org.junit.runners.ParentRunner.access$000(ParentRunner.java:58)
	at org.junit.runners.ParentRunner$2.evaluate(ParentRunner.java:268)
	at io.cucumber.junit.Cucumber$RunCucumber.evaluate(Cucumber.java:174)
	at org.junit.runners.ParentRunner.run(ParentRunner.java:363)
	at org.junit.runner.JUnitCore.run(JUnitCore.java:137)
	at com.intellij.junit4.JUnit4IdeaTestRunner.startRunnerWithArgs(JUnit4IdeaTestRunner.java:68)
	at com.intellij.rt.junit.IdeaTestRunner$Repeater.startRunnerWithArgs(IdeaTestRunner.java:33)
	at com.intellij.rt.junit.JUnitStarter.prepareStreamsAndStart(JUnitStarter.java:230)
	at com.intellij.rt.junit.JUnitStarter.main(JUnitStarter.java:58)
	at ✽.(file:src/test/resources/features/YALLA_1003.feature:12)
]]></error_message>
                    </step>
                    <step duration="30800" name="" status="failed">
                        <error_message><![CDATA[java.lang.IllegalArgumentException: Cannot create function name from empty sentence
	at cucumber.runtime.snippets.FunctionNameGenerator.removeIllegalCharacters(FunctionNameGenerator.java:22)
	at cucumber.runtime.snippets.FunctionNameGenerator.generateFunctionName(FunctionNameGenerator.java:13)
	at cucumber.runtime.snippets.SnippetGenerator.functionName(SnippetGenerator.java:64)
	at cucumber.runtime.snippets.SnippetGenerator.getSnippet(SnippetGenerator.java:47)
	at cucumber.runtime.java.JavaBackend.getSnippet(JavaBackend.java:164)
	at cucumber.runner.Runner.addTestStepsForPickleSteps(Runner.java:78)
	at cucumber.runner.Runner.createTestCaseForPickle(Runner.java:64)
	at cucumber.runner.Runner.runPickle(Runner.java:49)
	at io.cucumber.junit.PickleRunners$NoStepDescriptions.run(PickleRunners.java:146)
	at io.cucumber.junit.FeatureRunner.runChild(FeatureRunner.java:68)
	at io.cucumber.junit.FeatureRunner.runChild(FeatureRunner.java:23)
	at org.junit.runners.ParentRunner$3.run(ParentRunner.java:290)
	at org.junit.runners.ParentRunner$1.schedule(ParentRunner.java:71)
	at org.junit.runners.ParentRunner.runChildren(ParentRunner.java:288)
	at org.junit.runners.ParentRunner.access$000(ParentRunner.java:58)
	at org.junit.runners.ParentRunner$2.evaluate(ParentRunner.java:268)
	at org.junit.runners.ParentRunner.run(ParentRunner.java:363)
	at io.cucumber.junit.Cucumber.runChild(Cucumber.java:144)
	at io.cucumber.junit.Cucumber.runChild(Cucumber.java:65)
	at org.junit.runners.ParentRunner$3.run(ParentRunner.java:290)
	at org.junit.runners.ParentRunner$1.schedule(ParentRunner.java:71)
	at org.junit.runners.ParentRunner.runChildren(ParentRunner.java:288)
	at org.junit.runners.ParentRunner.access$000(ParentRunner.java:58)
	at org.junit.runners.ParentRunner$2.evaluate(ParentRunner.java:268)
	at io.cucumber.junit.Cucumber$RunCucumber.evaluate(Cucumber.java:174)
	at org.junit.runners.ParentRunner.run(ParentRunner.java:363)
	at org.junit.runner.JUnitCore.run(JUnitCore.java:137)
	at com.intellij.junit4.JUnit4IdeaTestRunner.startRunnerWithArgs(JUnit4IdeaTestRunner.java:68)
	at com.intellij.rt.junit.IdeaTestRunner$Repeater.startRunnerWithArgs(IdeaTestRunner.java:33)
	at com.intellij.rt.junit.JUnitStarter.prepareStreamsAndStart(JUnitStarter.java:230)
	at com.intellij.rt.junit.JUnitStarter.main(JUnitStarter.java:58)
	at ✽.(file:src/test/resources/features/YALLA_1003.feature:13)
]]></error_message>
                    </step>
                    <step duration="22600" name="" status="failed">
                        <error_message><![CDATA[java.lang.IllegalArgumentException: Cannot create function name from empty sentence
	at cucumber.runtime.snippets.FunctionNameGenerator.removeIllegalCharacters(FunctionNameGenerator.java:22)
	at cucumber.runtime.snippets.FunctionNameGenerator.generateFunctionName(FunctionNameGenerator.java:13)
	at cucumber.runtime.snippets.SnippetGenerator.functionName(SnippetGenerator.java:64)
	at cucumber.runtime.snippets.SnippetGenerator.getSnippet(SnippetGenerator.java:47)
	at cucumber.runtime.java.JavaBackend.getSnippet(JavaBackend.java:164)
	at cucumber.runner.Runner.addTestStepsForPickleSteps(Runner.java:78)
	at cucumber.runner.Runner.createTestCaseForPickle(Runner.java:64)
	at cucumber.runner.Runner.runPickle(Runner.java:49)
	at io.cucumber.junit.PickleRunners$NoStepDescriptions.run(PickleRunners.java:146)
	at io.cucumber.junit.FeatureRunner.runChild(FeatureRunner.java:68)
	at io.cucumber.junit.FeatureRunner.runChild(FeatureRunner.java:23)
	at org.junit.runners.ParentRunner$3.run(ParentRunner.java:290)
	at org.junit.runners.ParentRunner$1.schedule(ParentRunner.java:71)
	at org.junit.runners.ParentRunner.runChildren(ParentRunner.java:288)
	at org.junit.runners.ParentRunner.access$000(ParentRunner.java:58)
	at org.junit.runners.ParentRunner$2.evaluate(ParentRunner.java:268)
	at org.junit.runners.ParentRunner.run(ParentRunner.java:363)
	at io.cucumber.junit.Cucumber.runChild(Cucumber.java:144)
	at io.cucumber.junit.Cucumber.runChild(Cucumber.java:65)
	at org.junit.runners.ParentRunner$3.run(ParentRunner.java:290)
	at org.junit.runners.ParentRunner$1.schedule(ParentRunner.java:71)
	at org.junit.runners.ParentRunner.runChildren(ParentRunner.java:288)
	at org.junit.runners.ParentRunner.access$000(ParentRunner.java:58)
	at org.junit.runners.ParentRunner$2.evaluate(ParentRunner.java:268)
	at io.cucumber.junit.Cucumber$RunCucumber.evaluate(Cucumber.java:174)
	at org.junit.runners.ParentRunner.run(ParentRunner.java:363)
	at org.junit.runner.JUnitCore.run(JUnitCore.java:137)
	at com.intellij.junit4.JUnit4IdeaTestRunner.startRunnerWithArgs(JUnit4IdeaTestRunner.java:68)
	at com.intellij.rt.junit.IdeaTestRunner$Repeater.startRunnerWithArgs(IdeaTestRunner.java:33)
	at com.intellij.rt.junit.JUnitStarter.prepareStreamsAndStart(JUnitStarter.java:230)
	at com.intellij.rt.junit.JUnitStarter.main(JUnitStarter.java:58)
	at ✽.(file:src/test/resources/features/YALLA_1003.feature:14)
]]></error_message>
                    </step>
                </steps>
            </scenario>
        </scenarios>
    </feature>
</features>
